<?xml version="1.0" encoding="UTF-8"?>
<testsuite xmlns:xsi="http://www.w3.org/2001/XMLSchema-instance" xsi:noNamespaceSchemaLocation="https://maven.apache.org/surefire/maven-surefire-plugin/xsd/surefire-test-report.xsd" version="3.0.2" name="ChatAppTests" time="0.078" tests="12" errors="0" skipped="0" failures="0">
  <properties>
[...]
</properties>
  <testcase name="testSearchMessagesByRecipient" classname="ChatAppTests" time="0.023"/>
  <testcase name="testDisplayLongestMessage" classname="ChatAppTests" time="0.004"/>
  <testcase name="testSearchByMessageID" classname="ChatAppTests" time="0.001"/>
  <testcase name="testCheckMessageID" classname="ChatAppTests" time="0.001"/>
  <testcase name="testCheckPasswordComplexity" classname="ChatAppTests" time="0.002"/>
  <testcase name="testCheckRecipientCellValid" classname="ChatAppTests" time="0.002"/>
  <testcase name="testCheckUserName" classname="ChatAppTests" time="0.001"/>
  <testcase name="testSentMessagesArrayCorrectlyPopulated" classname="ChatAppTests" time="0.001"/>
  <testcase name="testDisplayReport" classname="ChatAppTests" time="0.002"/>
  <testcase name="testDeleteMessageByHash" classname="ChatAppTests" time="0.001"/>
  <testcase name="testCreateMessageHash" classname="ChatAppTests" time="0.003"/>
  <testcase name="testCheckRecipientCellInvalid" classname="ChatAppTests" time="0.001"/>
</testsuite>